  main.cpp
C:\Users\sarra\source\repos\HandwrittenLetterRecognition\HandwrittenLetterRecognition\MLPAlgo.h(55,33): warning C4244: '=' : conversion de 'double' en '_Ty', perte possible de données
          with
          [
              _Ty=float
          ]
C:\Users\sarra\source\repos\HandwrittenLetterRecognition\HandwrittenLetterRecognition\MLPAlgo.h(57,43): warning C4244: '=' : conversion de 'double' en '_Ty', perte possible de données
          with
          [
              _Ty=float
          ]
C:\Users\sarra\source\repos\HandwrittenLetterRecognition\HandwrittenLetterRecognition\MLPAlgo.h(62,33): warning C4244: '=' : conversion de 'double' en '_Ty', perte possible de données
          with
          [
              _Ty=float
          ]
C:\Users\sarra\source\repos\HandwrittenLetterRecognition\HandwrittenLetterRecognition\MLPAlgo.h(64,43): warning C4244: '=' : conversion de 'double' en '_Ty', perte possible de données
          with
          [
              _Ty=float
          ]
C:\Users\sarra\source\repos\HandwrittenLetterRecognition\HandwrittenLetterRecognition\MLPAlgo.h(144,27): warning C4305: 'initialisation' : troncation de 'double' à 'float'
C:\Users\sarra\source\repos\HandwrittenLetterRecognition\HandwrittenLetterRecognition\LinearModel.h(42,32): warning C4244: '-=' : conversion de 'double' en 'float', perte possible de données
C:\Users\sarra\source\repos\HandwrittenLetterRecognition\HandwrittenLetterRecognition\LinearModel.h(58,29): warning C4244: '=' : conversion de 'double' en 'float', perte possible de données
C:\Users\sarra\source\repos\HandwrittenLetterRecognition\HandwrittenLetterRecognition\LinearModel.h(60,28): warning C4244: '=' : conversion de 'double' en '_Ty', perte possible de données
          with
          [
              _Ty=float
          ]
C:\Users\sarra\source\repos\HandwrittenLetterRecognition\HandwrittenLetterRecognition\LinearModel.h(87,26): warning C4305: 'initialisation' : troncation de 'double' à 'float'
C:\Users\sarra\source\repos\HandwrittenLetterRecognition\HandwrittenLetterRecognition\main.cpp(25,29): warning C4267: 'argument' : conversion de 'size_t' en 'int', perte possible de données
C:\Users\sarra\source\repos\HandwrittenLetterRecognition\HandwrittenLetterRecognition\main.cpp(74,25): warning C4305: 'initialisation' : troncation de 'double' à 'float'
C:\Users\sarra\source\repos\HandwrittenLetterRecognition\HandwrittenLetterRecognition\main.cpp(95,32): warning C4244: 'initialisation' : conversion de '__int64' en 'int', perte possible de données
C:\Users\sarra\source\repos\HandwrittenLetterRecognition\HandwrittenLetterRecognition\main.cpp(96,29): warning C4244: 'initialisation' : conversion de '__int64' en 'int', perte possible de données
C:\Users\sarra\source\repos\HandwrittenLetterRecognition\HandwrittenLetterRecognition\main.cpp(126,28): warning C4244: 'initialisation' : conversion de '__int64' en 'int', perte possible de données
C:\Users\sarra\source\repos\HandwrittenLetterRecognition\HandwrittenLetterRecognition\main.cpp(129,25): warning C4244: 'initialisation' : conversion de '__int64' en 'int', perte possible de données
C:\Users\sarra\source\repos\HandwrittenLetterRecognition\HandwrittenLetterRecognition\main.cpp(157,24): warning C4305: 'initialisation' : troncation de 'double' à 'float'
C:\Users\sarra\source\repos\HandwrittenLetterRecognition\HandwrittenLetterRecognition\main.cpp(172,34): warning C4244: 'initialisation' : conversion de '__int64' en 'int', perte possible de données
C:\Users\sarra\source\repos\HandwrittenLetterRecognition\HandwrittenLetterRecognition\main.cpp(175,25): warning C4244: 'initialisation' : conversion de '__int64' en 'int', perte possible de données
C:\Users\sarra\source\repos\HandwrittenLetterRecognition\HandwrittenLetterRecognition\main.cpp(209,30): warning C4267: '=' : conversion de 'size_t' en 'int', perte possible de données
C:\Users\sarra\source\repos\HandwrittenLetterRecognition\HandwrittenLetterRecognition\main.cpp(224,24): warning C4305: 'initialisation' : troncation de 'double' à 'float'
C:\Users\sarra\source\repos\HandwrittenLetterRecognition\HandwrittenLetterRecognition\main.cpp(227,18): warning C4305: 'initialisation' : troncation de 'double' à 'float'
C:\Users\sarra\source\repos\HandwrittenLetterRecognition\HandwrittenLetterRecognition\main.cpp(274,25): warning C4244: 'initialisation' : conversion de '__int64' en 'int', perte possible de données
C:\Users\sarra\source\repos\HandwrittenLetterRecognition\HandwrittenLetterRecognition\main.cpp(296,24): warning C4305: 'initialisation' : troncation de 'double' à 'float'
C:\Users\sarra\source\repos\HandwrittenLetterRecognition\HandwrittenLetterRecognition\main.cpp(297,18): warning C4305: 'initialisation' : troncation de 'double' à 'float'
C:\Users\sarra\source\repos\HandwrittenLetterRecognition\HandwrittenLetterRecognition\main.cpp(340,24): warning C4305: 'initialisation' : troncation de 'double' à 'float'
C:\Users\sarra\source\repos\HandwrittenLetterRecognition\HandwrittenLetterRecognition\main.cpp(341,18): warning C4305: 'initialisation' : troncation de 'double' à 'float'
  Génération de code en cours
  4 of 877 functions ( 0.5%) were compiled, the rest were copied from previous compilation.
    0 functions were new in current compilation
    15 functions had inline decision re-evaluated but remain unchanged
  Fin de la génération du code
  HandwrittenLetterRecognition.vcxproj -> C:\Users\sarra\source\repos\HandwrittenLetterRecognition\x64\Release\HandwrittenLetterRecognition.exe
